<?xml version="1.0" encoding="UTF-8"?>
<testng-results ignored="0" total="1" passed="1" failed="0" skipped="0">
  <reporter-output>
  </reporter-output>
  <suite started-at="2025-04-13T18:17:31 IST" name="Suite" finished-at="2025-04-13T18:17:31 IST" duration-ms="48">
    <groups>
    </groups>
    <test started-at="2025-04-13T18:17:31 IST" name="Test" finished-at="2025-04-13T18:17:31 IST" duration-ms="48">
      <class name="test_pkg.Test2">
        <test-method signature="Test2()[pri:0, instance:test_pkg.Test2@3835c46]" started-at="2025-04-13T18:17:31 IST" name="Test2" finished-at="2025-04-13T18:17:31 IST" duration-ms="6" status="PASS">
          <reporter-output>
          </reporter-output>
        </test-method> <!-- Test2 -->
      </class> <!-- test_pkg.Test2 -->
    </test> <!-- Test -->
  </suite> <!-- Suite -->
</testng-results>
