<?xml version="1.0" encoding="UTF-8"?>
<testng-results ignored="0" total="1" passed="1" failed="0" skipped="0">
  <reporter-output>
  </reporter-output>
  <suite started-at="2025-04-13T18:10:35 IST" name="Suite" finished-at="2025-04-13T18:10:35 IST" duration-ms="78">
    <groups>
    </groups>
    <test started-at="2025-04-13T18:10:35 IST" name="Test" finished-at="2025-04-13T18:10:35 IST" duration-ms="78">
      <class name="test_pkg.Test1">
        <test-method signature="Test1()[pri:0, instance:test_pkg.Test1@1c1bbc4e]" started-at="2025-04-13T18:10:35 IST" name="Test1" finished-at="2025-04-13T18:10:35 IST" duration-ms="14" status="PASS">
          <reporter-output>
          </reporter-output>
        </test-method> <!-- Test1 -->
      </class> <!-- test_pkg.Test1 -->
    </test> <!-- Test -->
  </suite> <!-- Suite -->
</testng-results>
